<?xml version="1.0" encoding="UTF-8"?>
<!-- Generated by org.testng.reporters.JUnitReportReporter -->
<testsuite skipped="0" hostname="DESKTOP-93O1S8M" name="Automation.mavenExample.Sample" tests="2" failures="0" timestamp="17 Jan 2020 13:47:59 GMT" time="0.031" errors="0">
  <testcase name="test1" time="0.000" classname="Automation.mavenExample.Sample"/>
  <testcase name="test" time="0.031" classname="Automation.mavenExample.Sample"/>
</testsuite> <!-- Automation.mavenExample.Sample -->
